# JRE version: Java(TM) SE Runtime Environment (8.0_73-b02) (build 1.8.0_73-b02)
# Java VM: Java HotSpot(TM) 64-Bit Server VM (25.73-b02 mixed mode windows-amd64 compressed oops)
Heap:
 PSYoungGen      total 294400K, used 64511K [0x00000000eab00000, 0x0000000100000000, 0x0000000100000000)
  eden space 252416K, 12% used [0x00000000eab00000,0x00000000ec8ad750,0x00000000fa180000)
  from space 41984K, 81% used [0x00000000fa180000,0x00000000fc2d2838,0x00000000fca80000)
  to   space 54784K, 0% used [0x00000000fca80000,0x00000000fca80000,0x0000000100000000)
 ParOldGen       total 176128K, used 87289K [0x00000000c0000000, 0x00000000cac00000, 0x00000000eab00000)
  object space 176128K, 49% used [0x00000000c0000000,0x00000000c553e5b0,0x00000000cac00000)
 Metaspace       used 6564K, capacity 7256K, committed 7424K, reserved 1056768K
  class space    used 621K, capacity 656K, committed 768K, reserved 1048576K
GC Heap History (10 events):
Event: 1.967 GC heap before
{Heap before GC invocations=6 (full 0):
 PSYoungGen      total 71680K, used 71671K [0x00000000eab00000, 0x00000000f5000000, 0x0000000100000000)
  eden space 66560K, 100% used [0x00000000eab00000,0x00000000eec00000,0x00000000eec00000)
  from space 5120K, 99% used [0x00000000eec00000,0x00000000ef0fde68,0x00000000ef100000)
  to   space 17920K, 0% used [0x00000000f3e80000,0x00000000f3e80000,0x00000000f5000000)
 ParOldGen       total 87552K, used 23834K [0x00000000c0000000, 0x00000000c5580000, 0x00000000eab00000)
  object space 87552K, 27% used [0x00000000c0000000,0x00000000c1746a80,0x00000000c5580000)
 Metaspace       used 6524K, capacity 7256K, committed 7424K, reserved 1056768K
  class space    used 620K, capacity 656K, committed 768K, reserved 1048576K
Event: 1.988 GC heap after
Heap after GC invocations=6 (full 0):
 PSYoungGen      total 148992K, used 15767K [0x00000000eab00000, 0x00000000f5400000, 0x0000000100000000)
  eden space 131072K, 0% used [0x00000000eab00000,0x00000000eab00000,0x00000000f2b00000)
  from space 17920K, 87% used [0x00000000f3e80000,0x00000000f4de5e18,0x00000000f5000000)
  to   space 19968K, 0% used [0x00000000f2b00000,0x00000000f2b00000,0x00000000f3e80000)
 ParOldGen       total 87552K, used 23834K [0x00000000c0000000, 0x00000000c5580000, 0x00000000eab00000)
  object space 87552K, 27% used [0x00000000c0000000,0x00000000c1746a80,0x00000000c5580000)
 Metaspace       used 6524K, capacity 7256K, committed 7424K, reserved 1056768K
  class space    used 620K, capacity 656K, committed 768K, reserved 1048576K
}
Event: 2.592 GC heap before
{Heap before GC invocations=7 (full 0):
 PSYoungGen      total 148992K, used 146839K [0x00000000eab00000, 0x00000000f5400000, 0x0000000100000000)
  eden space 131072K, 100% used [0x00000000eab00000,0x00000000f2b00000,0x00000000f2b00000)
  from space 17920K, 87% used [0x00000000f3e80000,0x00000000f4de5e18,0x00000000f5000000)
  to   space 19968K, 0% used [0x00000000f2b00000,0x00000000f2b00000,0x00000000f3e80000)
 ParOldGen       total 87552K, used 23834K [0x00000000c0000000, 0x00000000c5580000, 0x00000000eab00000)
  object space 87552K, 27% used [0x00000000c0000000,0x00000000c1746a80,0x00000000c5580000)
 Metaspace       used 6534K, capacity 7256K, committed 7424K, reserved 1056768K
  class space    used 620K, capacity 656K, committed 768K, reserved 1048576K
Event: 2.637 GC heap after
Heap after GC invocations=7 (full 0):
 PSYoungGen      total 151040K, used 19965K [0x00000000eab00000, 0x00000000fea00000, 0x0000000100000000)
  eden space 131072K, 0% used [0x00000000eab00000,0x00000000eab00000,0x00000000f2b00000)
  from space 19968K, 99% used [0x00000000f2b00000,0x00000000f3e7f5f8,0x00000000f3e80000)
  to   space 32256K, 0% used [0x00000000fca80000,0x00000000fca80000,0x00000000fea00000)
 ParOldGen       total 87552K, used 41509K [0x00000000c0000000, 0x00000000c5580000, 0x00000000eab00000)
  object space 87552K, 47% used [0x00000000c0000000,0x00000000c2889548,0x00000000c5580000)
 Metaspace       used 6534K, capacity 7256K, committed 7424K, reserved 1056768K
  class space    used 620K, capacity 656K, committed 768K, reserved 1048576K
}
Event: 3.164 GC heap before
{Heap before GC invocations=8 (full 0):
 PSYoungGen      total 151040K, used 151037K [0x00000000eab00000, 0x00000000fea00000, 0x0000000100000000)
  eden space 131072K, 100% used [0x00000000eab00000,0x00000000f2b00000,0x00000000f2b00000)
  from space 19968K, 99% used [0x00000000f2b00000,0x00000000f3e7f5f8,0x00000000f3e80000)
  to   space 32256K, 0% used [0x00000000fca80000,0x00000000fca80000,0x00000000fea00000)
 ParOldGen       total 87552K, used 41509K [0x00000000c0000000, 0x00000000c5580000, 0x00000000eab00000)
  object space 87552K, 47% used [0x00000000c0000000,0x00000000c2889548,0x00000000c5580000)
 Metaspace       used 6536K, capacity 7256K, committed 7424K, reserved 1056768K
  class space    used 620K, capacity 656K, committed 768K, reserved 1048576K
Event: 3.238 GC heap after
Heap after GC invocations=8 (full 0):
 PSYoungGen      total 284672K, used 32234K [0x00000000eab00000, 0x00000000ffd00000, 0x0000000100000000)
  eden space 252416K, 0% used [0x00000000eab00000,0x00000000eab00000,0x00000000fa180000)
  from space 32256K, 99% used [0x00000000fca80000,0x00000000fe9fa830,0x00000000fea00000)
  to   space 41984K, 0% used [0x00000000fa180000,0x00000000fa180000,0x00000000fca80000)
 ParOldGen       total 87552K, used 51217K [0x00000000c0000000, 0x00000000c5580000, 0x00000000eab00000)
  object space 87552K, 58% used [0x00000000c0000000,0x00000000c3204680,0x00000000c5580000)
 Metaspace       used 6536K, capacity 7256K, committed 7424K, reserved 1056768K
  class space    used 620K, capacity 656K, committed 768K, reserved 1048576K
}
Event: 5.564 GC heap before
{Heap before GC invocations=9 (full 0):
 PSYoungGen      total 284672K, used 284650K [0x00000000eab00000, 0x00000000ffd00000, 0x0000000100000000)
  eden space 252416K, 100% used [0x00000000eab00000,0x00000000fa180000,0x00000000fa180000)
  from space 32256K, 99% used [0x00000000fca80000,0x00000000fe9fa830,0x00000000fea00000)
  to   space 41984K, 0% used [0x00000000fa180000,0x00000000fa180000,0x00000000fca80000)
 ParOldGen       total 87552K, used 51217K [0x00000000c0000000, 0x00000000c5580000, 0x00000000eab00000)
  object space 87552K, 58% used [0x00000000c0000000,0x00000000c3204680,0x00000000c5580000)
 Metaspace       used 6561K, capacity 7256K, committed 7424K, reserved 1056768K
  class space    used 621K, capacity 656K, committed 768K, reserved 1048576K
Event: 5.656 GC heap after
Heap after GC invocations=9 (full 0):
 PSYoungGen      total 294400K, used 41956K [0x00000000eab00000, 0x0000000100000000, 0x0000000100000000)
  eden space 252416K, 0% used [0x00000000eab00000,0x00000000eab00000,0x00000000fa180000)
  from space 41984K, 99% used [0x00000000fa180000,0x00000000fca79328,0x00000000fca80000)
  to   space 54784K, 0% used [0x00000000fca80000,0x00000000fca80000,0x0000000100000000)
 ParOldGen       total 87552K, used 83964K [0x00000000c0000000, 0x00000000c5580000, 0x00000000eab00000)
  object space 87552K, 95% used [0x00000000c0000000,0x00000000c51ff260,0x00000000c5580000)
 Metaspace       used 6561K, capacity 7256K, committed 7424K, reserved 1056768K
  class space    used 621K, capacity 656K, committed 768K, reserved 1048576K
}
Event: 5.657 GC heap before
{Heap before GC invocations=10 (full 1):
 PSYoungGen      total 294400K, used 41956K [0x00000000eab00000, 0x0000000100000000, 0x0000000100000000)
  eden space 252416K, 0% used [0x00000000eab00000,0x00000000eab00000,0x00000000fa180000)
  from space 41984K, 99% used [0x00000000fa180000,0x00000000fca79328,0x00000000fca80000)
  to   space 54784K, 0% used [0x00000000fca80000,0x00000000fca80000,0x0000000100000000)
 ParOldGen       total 87552K, used 83964K [0x00000000c0000000, 0x00000000c5580000, 0x00000000eab00000)
  object space 87552K, 95% used [0x00000000c0000000,0x00000000c51ff260,0x00000000c5580000)
 Metaspace       used 6561K, capacity 7256K, committed 7424K, reserved 1056768K
  class space    used 621K, capacity 656K, committed 768K, reserved 1048576K
Event: 9.437 GC heap after
Heap after GC invocations=10 (full 1):
 PSYoungGen      total 294400K, used 34122K [0x00000000eab00000, 0x0000000100000000, 0x0000000100000000)
  eden space 252416K, 0% used [0x00000000eab00000,0x00000000eab00000,0x00000000fa180000)
  from space 41984K, 81% used [0x00000000fa180000,0x00000000fc2d2838,0x00000000fca80000)
  to   space 54784K, 0% used [0x00000000fca80000,0x00000000fca80000,0x0000000100000000)
 ParOldGen       total 176128K, used 87289K [0x00000000c0000000, 0x00000000cac00000, 0x00000000eab00000)
  object space 176128K, 49% used [0x00000000c0000000,0x00000000c553e5b0,0x00000000cac00000)
 Metaspace       used 6561K, capacity 7256K, committed 7424K, reserved 1056768K
  class space    used 621K, capacity 656K, committed 768K, reserved 1048576K
}

